<?xml version="1.0" encoding="UTF-8"?>
<!-- Generated by org.testng.reporters.JUnitReportReporter -->
<testsuite hostname="DESKTOP-JC970GR" failures="0" tests="1" name="testCases.PUT_Update_A_Product" time="2.936" errors="0" timestamp="26 Jun 2021 02:21:33 GMT" skipped="0">
  <testcase classname="testCases.PUT_Update_A_Product" name="updateAProduct" time="2.936"/>
</testsuite> <!-- testCases.PUT_Update_A_Product -->
