<?xml version="1.0" encoding="UTF-8"?>
<!-- Generated by org.testng.reporters.JUnitReportReporter -->
<testsuite hostname="DESKTOP-JC970GR" failures="0" tests="1" name="testCases.GET_Read_Products" time="2.782" errors="0" timestamp="26 Jun 2021 02:21:42 GMT" skipped="0">
  <testcase classname="testCases.GET_Read_Products" name="readAllProducts" time="2.782"/>
</testsuite> <!-- testCases.GET_Read_Products -->
