<?xml version="1.0" encoding="UTF-8"?>
<!-- Generated by org.testng.reporters.JUnitReportReporter -->
<testsuite hostname="DESKTOP-JC970GR" failures="0" tests="1" name="testCases.POST_Create_A_Product" time="4.827" errors="0" timestamp="25 Jun 2021 16:46:37 GMT" skipped="0">
  <testcase classname="testCases.POST_Create_A_Product" name="readAProduct" time="4.827"/>
</testsuite> <!-- testCases.POST_Create_A_Product -->
