<?xml version="1.0" encoding="UTF-8"?>
<!-- Generated by org.testng.reporters.JUnitReportReporter -->
<testsuite hostname="DESKTOP-JC970GR" failures="0" tests="1" name="testCases.DELETE_A_Product" time="2.730" errors="0" timestamp="26 Jun 2021 02:05:16 GMT" skipped="0">
  <testcase classname="testCases.DELETE_A_Product" name="updateAProduct" time="2.730"/>
</testsuite> <!-- testCases.DELETE_A_Product -->
